<?xml version="1.0" encoding="UTF-8"?>
<testsuite name="ohtu.intjoukkosovellus.JoukkoOperaatiotTest" tests="1" skipped="0" failures="0" errors="0" timestamp="2018-11-27T13:42:42" hostname="lx7-fuxi066" time="0.002">
  <properties/>
  <testcase name="testSomething" classname="ohtu.intjoukkosovellus.JoukkoOperaatiotTest" time="0.002"/>
  <system-out><![CDATA[]]></system-out>
  <system-err><![CDATA[]]></system-err>
</testsuite>
